2024-12-10 15:33:58,170 INFO process group added: 'laravel-reverb'
2024-12-10 15:33:58,170 INFO supervisord started with pid 12972
2024-12-10 15:33:58,172 INFO spawnerr: can't find command 'php'
2024-12-10 15:33:59,674 INFO spawnerr: can't find command 'php'
2024-12-10 15:34:02,177 INFO spawnerr: can't find command 'php'
2024-12-10 15:34:05,684 INFO spawnerr: can't find command 'php'
2024-12-10 15:34:05,684 INFO gave up: laravel_reverb entered FATAL state, too many start retries too quickly
2024-12-10 15:36:55,377 WARN received SIGINT indicating exit request
2024-12-10 15:36:55,880 INFO exit now...
2024-12-10 15:36:58,330 INFO process group added: 'laravel-reverb'
2024-12-10 15:36:58,330 INFO supervisord started with pid 18640
2024-12-10 15:36:58,333 INFO Spawned: 'laravel_reverb' with pid 20244
2024-12-10 15:36:59,335 INFO success: laravel_reverb entered RUNNING state, process has stayed up for > than 1 seconds (startsecs)
2024-12-10 15:37:35,376 WARN received SIGINT indicating exit request
2024-12-10 15:37:36,096 INFO SUCCESS: The process with PID 20244 (child process of PID 18640) has been terminated.
2024-12-10 15:37:36,096 INFO waiting for laravel_reverb to die
2024-12-10 15:37:36,097 WARN stopped: laravel_reverb (exit status 1)
2024-12-10 15:37:36,598 INFO exit now...
2024-12-10 16:07:46,351 INFO process group added: 'laravel-reverb'
2024-12-10 16:07:46,351 INFO supervisord started with pid 7564
2024-12-10 16:07:46,355 INFO Spawned: 'laravel_reverb' with pid 26296
2024-12-10 16:07:46,856 WARN exited: laravel_reverb (exit status 1; not expected)
2024-12-10 16:07:48,360 INFO Spawned: 'laravel_reverb' with pid 7628
2024-12-10 16:07:48,862 WARN exited: laravel_reverb (exit status 1; not expected)
2024-12-10 16:07:51,371 INFO Spawned: 'laravel_reverb' with pid 3352
2024-12-10 16:07:51,873 WARN exited: laravel_reverb (exit status 1; not expected)
2024-12-10 16:07:55,382 INFO Spawned: 'laravel_reverb' with pid 23828
2024-12-10 16:07:55,883 WARN exited: laravel_reverb (exit status 1; not expected)
2024-12-10 16:07:56,385 INFO gave up: laravel_reverb entered FATAL state, too many start retries too quickly
2024-12-10 16:13:59,911 INFO process group added: 'laravel-reverb'
2024-12-10 16:13:59,911 INFO supervisord started with pid 6720
2024-12-10 16:13:59,914 INFO Spawned: 'laravel_reverb' with pid 2464
2024-12-10 16:14:00,916 INFO success: laravel_reverb entered RUNNING state, process has stayed up for > than 1 seconds (startsecs)
2024-12-10 16:16:22,566 INFO process group added: 'laravel-reverb'
2024-12-10 16:16:22,567 INFO supervisord started with pid 376
2024-12-10 16:16:22,569 INFO Spawned: 'laravel_reverb' with pid 20936
2024-12-10 16:16:23,572 INFO success: laravel_reverb entered RUNNING state, process has stayed up for > than 1 seconds (startsecs)
2024-12-10 16:23:49,786 INFO process group added: 'laravel-reverb'
2024-12-10 16:23:49,786 INFO supervisord started with pid 12032
2024-12-10 16:23:49,789 INFO Spawned: 'laravel_reverb' with pid 3132
2024-12-10 16:23:50,791 INFO success: laravel_reverb entered RUNNING state, process has stayed up for > than 1 seconds (startsecs)
2024-12-10 16:27:29,155 INFO process group added: 'laravel-reverb'
2024-12-10 16:27:29,156 INFO supervisord started with pid 23240
2024-12-10 16:27:29,158 INFO Spawned: 'laravel_reverb' with pid 3040
2024-12-10 16:27:30,160 INFO success: laravel_reverb entered RUNNING state, process has stayed up for > than 1 seconds (startsecs)
2024-12-10 16:30:06,957 INFO process group added: 'laravel-reverb'
2024-12-10 16:30:06,957 INFO supervisord started with pid 13528
2024-12-10 16:30:06,959 INFO Spawned: 'laravel_reverb' with pid 23240
2024-12-10 16:30:07,962 INFO success: laravel_reverb entered RUNNING state, process has stayed up for > than 1 seconds (startsecs)
2024-12-10 16:36:09,714 INFO process group added: 'laravel-reverb'
2024-12-10 16:36:09,720 INFO RPC interface 'supervisor' initialized
2024-12-10 16:36:09,720 INFO supervisord started with pid 5308
2024-12-10 16:36:10,239 INFO Spawned: 'laravel_reverb' with pid 2864
2024-12-10 16:36:11,248 INFO success: laravel_reverb entered RUNNING state, process has stayed up for > than 1 seconds (startsecs)
2024-12-10 16:36:15,680 INFO SUCCESS: The process with PID 2864 (child process of PID 5308) has been terminated.
2024-12-10 16:36:15,680 INFO waiting for laravel_reverb to die
2024-12-10 16:36:16,181 WARN stopped: laravel_reverb (exit status 1)
2024-12-10 16:36:16,683 INFO exit now...
2024-12-10 16:37:20,766 INFO process group added: 'laravel-reverb'
2024-12-10 16:37:20,773 INFO RPC interface 'supervisor' initialized
2024-12-10 16:37:20,774 INFO supervisord started with pid 23812
2024-12-10 16:37:21,290 INFO Spawned: 'laravel_reverb' with pid 25376
2024-12-10 16:37:22,301 INFO success: laravel_reverb entered RUNNING state, process has stayed up for > than 1 seconds (startsecs)
2024-12-10 17:03:22,378 INFO SUCCESS: The process with PID 25376 (child process of PID 23812) has been terminated.
2024-12-10 17:03:22,378 INFO waiting for laravel_reverb to die
2024-12-10 17:03:22,880 WARN stopped: laravel_reverb (exit status 1)
2024-12-10 17:03:23,381 INFO exit now...
2024-12-10 17:03:24,210 INFO process group added: 'laravel-reverb'
2024-12-10 17:03:24,217 INFO RPC interface 'supervisor' initialized
2024-12-10 17:03:24,217 INFO supervisord started with pid 24276
2024-12-10 17:03:24,737 INFO Spawned: 'laravel_reverb' with pid 25592
2024-12-10 17:03:25,748 INFO success: laravel_reverb entered RUNNING state, process has stayed up for > than 1 seconds (startsecs)
2024-12-10 17:03:27,759 WARN exited: laravel_reverb (exit status 1; not expected)
2024-12-10 17:03:28,771 INFO Spawned: 'laravel_reverb' with pid 4712
2024-12-10 17:03:29,779 INFO success: laravel_reverb entered RUNNING state, process has stayed up for > than 1 seconds (startsecs)
2024-12-10 17:03:29,779 WARN exited: laravel_reverb (exit status 1; not expected)
2024-12-10 17:03:30,794 INFO Spawned: 'laravel_reverb' with pid 24892
2024-12-10 17:03:31,804 INFO success: laravel_reverb entered RUNNING state, process has stayed up for > than 1 seconds (startsecs)
2024-12-10 17:03:31,804 WARN exited: laravel_reverb (exit status 1; not expected)
2024-12-10 17:03:32,819 INFO Spawned: 'laravel_reverb' with pid 19236
2024-12-10 17:03:33,826 INFO success: laravel_reverb entered RUNNING state, process has stayed up for > than 1 seconds (startsecs)
2024-12-10 17:03:33,827 WARN exited: laravel_reverb (exit status 1; not expected)
2024-12-10 17:03:34,843 INFO Spawned: 'laravel_reverb' with pid 11656
2024-12-10 17:03:35,849 INFO success: laravel_reverb entered RUNNING state, process has stayed up for > than 1 seconds (startsecs)
2024-12-10 17:03:35,849 WARN exited: laravel_reverb (exit status 1; not expected)
2024-12-10 17:03:36,861 INFO Spawned: 'laravel_reverb' with pid 3092
2024-12-10 17:03:37,871 INFO success: laravel_reverb entered RUNNING state, process has stayed up for > than 1 seconds (startsecs)
2024-12-10 17:03:37,871 WARN exited: laravel_reverb (exit status 1; not expected)
2024-12-10 17:03:38,889 INFO Spawned: 'laravel_reverb' with pid 2104
2024-12-10 17:03:39,900 INFO success: laravel_reverb entered RUNNING state, process has stayed up for > than 1 seconds (startsecs)
2024-12-10 17:03:39,901 WARN exited: laravel_reverb (exit status 1; not expected)
2024-12-10 17:03:40,918 INFO Spawned: 'laravel_reverb' with pid 23340
2024-12-10 17:03:41,932 INFO success: laravel_reverb entered RUNNING state, process has stayed up for > than 1 seconds (startsecs)
2024-12-10 17:03:41,932 WARN exited: laravel_reverb (exit status 1; not expected)
2024-12-10 17:03:42,945 INFO Spawned: 'laravel_reverb' with pid 26136
2024-12-10 17:03:43,952 INFO success: laravel_reverb entered RUNNING state, process has stayed up for > than 1 seconds (startsecs)
2024-12-10 17:03:43,952 WARN exited: laravel_reverb (exit status 1; not expected)
2024-12-10 17:03:44,969 INFO Spawned: 'laravel_reverb' with pid 17364
2024-12-10 17:03:45,976 INFO success: laravel_reverb entered RUNNING state, process has stayed up for > than 1 seconds (startsecs)
2024-12-10 17:03:45,976 WARN exited: laravel_reverb (exit status 1; not expected)
2024-12-10 17:03:46,990 INFO Spawned: 'laravel_reverb' with pid 12092
2024-12-10 17:03:48,002 INFO success: laravel_reverb entered RUNNING state, process has stayed up for > than 1 seconds (startsecs)
2024-12-10 17:03:48,002 WARN exited: laravel_reverb (exit status 1; not expected)
2024-12-10 17:03:49,016 INFO Spawned: 'laravel_reverb' with pid 7140
2024-12-10 17:03:50,022 INFO success: laravel_reverb entered RUNNING state, process has stayed up for > than 1 seconds (startsecs)
2024-12-10 17:03:50,022 WARN exited: laravel_reverb (exit status 1; not expected)
2024-12-10 17:03:51,035 INFO Spawned: 'laravel_reverb' with pid 25432
2024-12-10 17:03:52,042 INFO success: laravel_reverb entered RUNNING state, process has stayed up for > than 1 seconds (startsecs)
2024-12-10 17:03:52,042 WARN exited: laravel_reverb (exit status 1; not expected)
2024-12-10 17:03:53,052 INFO Spawned: 'laravel_reverb' with pid 6076
2024-12-10 17:03:54,058 INFO success: laravel_reverb entered RUNNING state, process has stayed up for > than 1 seconds (startsecs)
2024-12-10 17:03:54,059 WARN exited: laravel_reverb (exit status 1; not expected)
2024-12-10 17:03:55,074 INFO Spawned: 'laravel_reverb' with pid 7156
2024-12-10 17:03:56,084 INFO success: laravel_reverb entered RUNNING state, process has stayed up for > than 1 seconds (startsecs)
2024-12-10 17:03:56,084 WARN exited: laravel_reverb (exit status 1; not expected)
2024-12-10 17:03:57,099 INFO Spawned: 'laravel_reverb' with pid 1724
2024-12-10 17:03:57,601 WARN exited: laravel_reverb (exit status 1; not expected)
2024-12-10 17:03:59,113 INFO Spawned: 'laravel_reverb' with pid 5012
2024-12-10 17:03:59,616 WARN exited: laravel_reverb (exit status 1; not expected)
2024-12-10 17:04:00,118 INFO exit now...
2024-12-10 17:04:00,815 INFO process group added: 'laravel-reverb'
2024-12-10 17:04:00,822 INFO RPC interface 'supervisor' initialized
2024-12-10 17:04:00,822 INFO supervisord started with pid 14832
2024-12-10 17:04:01,341 INFO Spawned: 'laravel_reverb' with pid 21960
2024-12-10 17:04:02,352 INFO success: laravel_reverb entered RUNNING state, process has stayed up for > than 1 seconds (startsecs)
2024-12-10 17:04:02,353 WARN exited: laravel_reverb (exit status 1; not expected)
2024-12-10 17:04:03,365 INFO Spawned: 'laravel_reverb' with pid 4920
2024-12-10 17:04:04,375 INFO success: laravel_reverb entered RUNNING state, process has stayed up for > than 1 seconds (startsecs)
2024-12-10 17:04:04,376 WARN exited: laravel_reverb (exit status 1; not expected)
2024-12-10 17:04:05,391 INFO Spawned: 'laravel_reverb' with pid 19596
2024-12-10 17:04:06,398 INFO success: laravel_reverb entered RUNNING state, process has stayed up for > than 1 seconds (startsecs)
2024-12-10 17:04:06,399 WARN exited: laravel_reverb (exit status 1; not expected)
2024-12-10 17:04:07,417 INFO Spawned: 'laravel_reverb' with pid 17808
2024-12-10 17:04:08,428 INFO success: laravel_reverb entered RUNNING state, process has stayed up for > than 1 seconds (startsecs)
2024-12-10 17:04:08,428 WARN exited: laravel_reverb (exit status 1; not expected)
2024-12-10 17:04:09,444 INFO Spawned: 'laravel_reverb' with pid 6984
2024-12-10 17:04:10,457 INFO success: laravel_reverb entered RUNNING state, process has stayed up for > than 1 seconds (startsecs)
2024-12-10 17:04:10,457 WARN exited: laravel_reverb (exit status 1; not expected)
2024-12-10 17:04:11,471 INFO Spawned: 'laravel_reverb' with pid 25304
2024-12-10 17:04:12,481 INFO success: laravel_reverb entered RUNNING state, process has stayed up for > than 1 seconds (startsecs)
2024-12-10 17:04:12,482 WARN exited: laravel_reverb (exit status 1; not expected)
2024-12-10 17:04:13,497 INFO Spawned: 'laravel_reverb' with pid 4912
2024-12-10 17:04:14,504 INFO success: laravel_reverb entered RUNNING state, process has stayed up for > than 1 seconds (startsecs)
2024-12-10 17:04:14,504 WARN exited: laravel_reverb (exit status 1; not expected)
2024-12-10 17:04:15,520 INFO Spawned: 'laravel_reverb' with pid 7344
2024-12-10 17:04:16,532 INFO success: laravel_reverb entered RUNNING state, process has stayed up for > than 1 seconds (startsecs)
2024-12-10 17:04:16,532 WARN exited: laravel_reverb (exit status 1; not expected)
2024-12-10 17:04:17,542 INFO Spawned: 'laravel_reverb' with pid 14736
2024-12-10 17:04:18,553 INFO success: laravel_reverb entered RUNNING state, process has stayed up for > than 1 seconds (startsecs)
2024-12-10 17:04:18,553 WARN exited: laravel_reverb (exit status 1; not expected)
2024-12-10 17:04:19,565 INFO Spawned: 'laravel_reverb' with pid 2056
2024-12-10 17:04:20,067 WARN exited: laravel_reverb (exit status 1; not expected)
2024-12-10 17:04:21,576 INFO Spawned: 'laravel_reverb' with pid 9264
2024-12-10 17:04:22,082 WARN exited: laravel_reverb (exit status 1; not expected)
2024-12-10 17:04:22,583 INFO exit now...
2024-12-10 17:04:35,770 INFO process group added: 'laravel-reverb'
2024-12-10 17:04:35,778 INFO RPC interface 'supervisor' initialized
2024-12-10 17:04:35,779 INFO supervisord started with pid 8240
2024-12-10 17:04:36,286 INFO Spawned: 'laravel_reverb' with pid 24068
2024-12-10 17:04:37,298 INFO success: laravel_reverb entered RUNNING state, process has stayed up for > than 1 seconds (startsecs)
2024-12-10 17:07:13,363 INFO SUCCESS: The process with PID 24068 (child process of PID 8240) has been terminated.
2024-12-10 17:07:13,364 INFO waiting for laravel_reverb to die
2024-12-10 17:07:13,865 WARN stopped: laravel_reverb (exit status 1)
2024-12-10 17:07:14,367 INFO exit now...
2024-12-10 17:07:15,186 INFO process group added: 'laravel-reverb'
2024-12-10 17:07:15,194 INFO RPC interface 'supervisor' initialized
2024-12-10 17:07:15,194 INFO supervisord started with pid 25376
2024-12-10 17:07:15,704 INFO Spawned: 'laravel_reverb' with pid 14588
2024-12-10 17:07:16,715 INFO success: laravel_reverb entered RUNNING state, process has stayed up for > than 1 seconds (startsecs)
2024-12-10 17:09:54,659 INFO SUCCESS: The process with PID 14588 (child process of PID 25376) has been terminated.
2024-12-10 17:09:54,659 INFO waiting for laravel_reverb to die
2024-12-10 17:09:55,161 WARN stopped: laravel_reverb (exit status 1)
2024-12-10 17:09:55,662 INFO exit now...
2024-12-10 17:09:56,221 INFO process group added: 'laravel-reverb'
2024-12-10 17:09:56,227 INFO RPC interface 'supervisor' initialized
2024-12-10 17:09:56,227 INFO supervisord started with pid 10556
2024-12-10 17:09:56,734 INFO Spawned: 'laravel_reverb' with pid 25632
2024-12-10 17:09:57,741 INFO success: laravel_reverb entered RUNNING state, process has stayed up for > than 1 seconds (startsecs)
2024-12-10 17:14:20,249 INFO SUCCESS: The process with PID 25632 (child process of PID 10556) has been terminated.
2024-12-10 17:14:20,249 INFO waiting for laravel_reverb to die
2024-12-10 17:14:20,750 WARN stopped: laravel_reverb (exit status 1)
2024-12-10 17:14:21,252 INFO exit now...
2024-12-10 17:14:22,063 INFO process group added: 'laravel-reverb'
2024-12-10 17:14:22,072 INFO RPC interface 'supervisor' initialized
2024-12-10 17:14:22,073 INFO supervisord started with pid 1868
2024-12-10 17:14:22,581 INFO Spawned: 'laravel_reverb' with pid 25624
2024-12-10 17:14:23,583 INFO success: laravel_reverb entered RUNNING state, process has stayed up for > than 1 seconds (startsecs)
2024-12-10 17:14:58,507 INFO SUCCESS: The process with PID 25624 (child process of PID 1868) has been terminated.
2024-12-10 17:14:58,507 INFO waiting for laravel_reverb to die
2024-12-10 17:14:59,009 WARN stopped: laravel_reverb (exit status 1)
2024-12-10 17:14:59,512 INFO exit now...
2024-12-10 17:15:00,267 INFO process group added: 'laravel-reverb'
2024-12-10 17:15:00,274 INFO RPC interface 'supervisor' initialized
2024-12-10 17:15:00,275 INFO supervisord started with pid 16104
2024-12-10 17:15:00,792 INFO Spawned: 'laravel_reverb' with pid 7380
2024-12-10 17:15:01,803 INFO success: laravel_reverb entered RUNNING state, process has stayed up for > than 1 seconds (startsecs)
2024-12-10 17:24:14,232 INFO SUCCESS: The process with PID 7380 (child process of PID 16104) has been terminated.
2024-12-10 17:24:14,232 INFO waiting for laravel_reverb to die
2024-12-10 17:24:14,733 WARN stopped: laravel_reverb (exit status 1)
2024-12-10 17:24:15,234 INFO exit now...
2024-12-10 17:24:15,802 INFO process group added: 'laravel-reverb'
2024-12-10 17:24:15,808 INFO RPC interface 'supervisor' initialized
2024-12-10 17:24:15,808 INFO supervisord started with pid 17024
2024-12-10 17:24:16,315 INFO Spawned: 'laravel_reverb' with pid 4648
2024-12-10 17:24:17,326 INFO success: laravel_reverb entered RUNNING state, process has stayed up for > than 1 seconds (startsecs)
2024-12-11 08:35:25,411 INFO SUCCESS: The process with PID 4648 (child process of PID 17024) has been terminated.
2024-12-11 08:35:25,411 INFO waiting for laravel_reverb to die
2024-12-11 08:35:25,913 WARN stopped: laravel_reverb (exit status 1)
2024-12-11 08:35:26,414 INFO exit now...
2024-12-11 08:36:42,609 INFO process group added: 'laravel-reverb'
2024-12-11 08:36:42,623 INFO RPC interface 'supervisor' initialized
2024-12-11 08:36:42,623 INFO supervisord started with pid 6116
2024-12-11 08:36:43,139 INFO Spawned: 'laravel_reverb' with pid 16676
2024-12-11 08:36:44,149 INFO success: laravel_reverb entered RUNNING state, process has stayed up for > than 1 seconds (startsecs)
2024-12-11 08:41:56,988 INFO SUCCESS: The process with PID 16676 (child process of PID 6116) has been terminated.
2024-12-11 08:41:56,988 INFO waiting for laravel_reverb to die
2024-12-11 08:41:57,490 WARN stopped: laravel_reverb (exit status 1)
2024-12-11 08:41:57,992 INFO exit now...
2024-12-11 08:41:58,889 INFO process group added: 'laravel-reverb'
2024-12-11 08:41:58,898 INFO RPC interface 'supervisor' initialized
2024-12-11 08:41:58,899 INFO supervisord started with pid 11368
2024-12-11 08:41:59,419 INFO Spawned: 'laravel_reverb' with pid 12360
2024-12-11 08:42:00,425 INFO success: laravel_reverb entered RUNNING state, process has stayed up for > than 1 seconds (startsecs)
2024-12-11 08:45:45,532 INFO SUCCESS: The process with PID 12360 (child process of PID 11368) has been terminated.
2024-12-11 08:45:45,532 INFO waiting for laravel_reverb to die
2024-12-11 08:45:46,034 WARN stopped: laravel_reverb (exit status 1)
2024-12-11 08:45:46,535 INFO exit now...
2024-12-11 08:45:47,417 INFO process group added: 'laravel-reverb'
2024-12-11 08:45:47,428 INFO RPC interface 'supervisor' initialized
2024-12-11 08:45:47,429 INFO supervisord started with pid 12904
2024-12-11 08:45:47,952 INFO Spawned: 'laravel_reverb' with pid 17832
2024-12-11 08:45:48,968 INFO success: laravel_reverb entered RUNNING state, process has stayed up for > than 1 seconds (startsecs)
2024-12-11 08:45:48,968 WARN exited: laravel_reverb (exit status 1; not expected)
2024-12-11 08:45:49,986 INFO Spawned: 'laravel_reverb' with pid 24280
2024-12-11 08:45:50,989 INFO success: laravel_reverb entered RUNNING state, process has stayed up for > than 1 seconds (startsecs)
2024-12-11 08:45:50,989 WARN exited: laravel_reverb (exit status 1; not expected)
2024-12-11 08:45:52,000 INFO Spawned: 'laravel_reverb' with pid 9008
2024-12-11 08:45:53,010 INFO success: laravel_reverb entered RUNNING state, process has stayed up for > than 1 seconds (startsecs)
2024-12-11 08:45:53,010 WARN exited: laravel_reverb (exit status 1; not expected)
2024-12-11 08:45:54,021 INFO Spawned: 'laravel_reverb' with pid 12100
2024-12-11 08:45:55,025 INFO success: laravel_reverb entered RUNNING state, process has stayed up for > than 1 seconds (startsecs)
2024-12-11 08:45:55,026 WARN exited: laravel_reverb (exit status 1; not expected)
2024-12-11 08:45:56,040 INFO Spawned: 'laravel_reverb' with pid 17744
2024-12-11 08:45:57,044 INFO success: laravel_reverb entered RUNNING state, process has stayed up for > than 1 seconds (startsecs)
2024-12-11 08:45:57,044 WARN exited: laravel_reverb (exit status 1; not expected)
2024-12-11 08:45:58,051 INFO Spawned: 'laravel_reverb' with pid 15200
2024-12-11 08:45:59,061 INFO success: laravel_reverb entered RUNNING state, process has stayed up for > than 1 seconds (startsecs)
2024-12-11 08:45:59,061 WARN exited: laravel_reverb (exit status 1; not expected)
2024-12-11 08:46:00,073 INFO Spawned: 'laravel_reverb' with pid 24440
2024-12-11 08:46:01,076 INFO success: laravel_reverb entered RUNNING state, process has stayed up for > than 1 seconds (startsecs)
2024-12-11 08:46:01,076 WARN exited: laravel_reverb (exit status 1; not expected)
2024-12-11 08:46:02,090 INFO Spawned: 'laravel_reverb' with pid 3424
2024-12-11 08:46:03,094 INFO success: laravel_reverb entered RUNNING state, process has stayed up for > than 1 seconds (startsecs)
2024-12-11 08:46:03,095 WARN exited: laravel_reverb (exit status 1; not expected)
2024-12-11 08:46:04,106 INFO Spawned: 'laravel_reverb' with pid 22696
2024-12-11 08:46:05,112 INFO success: laravel_reverb entered RUNNING state, process has stayed up for > than 1 seconds (startsecs)
2024-12-11 08:46:05,112 WARN exited: laravel_reverb (exit status 1; not expected)
2024-12-11 08:46:06,122 INFO Spawned: 'laravel_reverb' with pid 14688
2024-12-11 08:46:07,138 INFO success: laravel_reverb entered RUNNING state, process has stayed up for > than 1 seconds (startsecs)
2024-12-11 08:46:07,139 WARN exited: laravel_reverb (exit status 1; not expected)
2024-12-11 08:46:08,152 INFO Spawned: 'laravel_reverb' with pid 11868
2024-12-11 08:46:09,160 INFO success: laravel_reverb entered RUNNING state, process has stayed up for > than 1 seconds (startsecs)
2024-12-11 08:46:09,160 WARN exited: laravel_reverb (exit status 1; not expected)
2024-12-11 08:46:10,194 INFO Spawned: 'laravel_reverb' with pid 25884
2024-12-11 08:46:11,211 INFO success: laravel_reverb entered RUNNING state, process has stayed up for > than 1 seconds (startsecs)
2024-12-11 08:46:11,212 WARN exited: laravel_reverb (exit status 1; not expected)
2024-12-11 08:46:12,229 INFO Spawned: 'laravel_reverb' with pid 2348
2024-12-11 08:46:13,235 INFO success: laravel_reverb entered RUNNING state, process has stayed up for > than 1 seconds (startsecs)
2024-12-11 08:46:13,235 WARN exited: laravel_reverb (exit status 1; not expected)
2024-12-11 08:46:14,249 INFO Spawned: 'laravel_reverb' with pid 3564
2024-12-11 08:46:15,251 INFO success: laravel_reverb entered RUNNING state, process has stayed up for > than 1 seconds (startsecs)
2024-12-11 08:46:15,251 WARN exited: laravel_reverb (exit status 1; not expected)
2024-12-11 08:46:16,263 INFO Spawned: 'laravel_reverb' with pid 5192
2024-12-11 08:46:17,276 INFO success: laravel_reverb entered RUNNING state, process has stayed up for > than 1 seconds (startsecs)
2024-12-11 08:46:17,277 WARN exited: laravel_reverb (exit status 1; not expected)
2024-12-11 08:46:18,293 INFO Spawned: 'laravel_reverb' with pid 23144
2024-12-11 08:46:19,296 INFO success: laravel_reverb entered RUNNING state, process has stayed up for > than 1 seconds (startsecs)
2024-12-11 08:46:19,296 WARN exited: laravel_reverb (exit status 1; not expected)
2024-12-11 08:46:20,307 INFO Spawned: 'laravel_reverb' with pid 26328
2024-12-11 08:46:21,309 INFO success: laravel_reverb entered RUNNING state, process has stayed up for > than 1 seconds (startsecs)
2024-12-11 08:46:21,309 WARN exited: laravel_reverb (exit status 1; not expected)
2024-12-11 08:46:22,320 INFO Spawned: 'laravel_reverb' with pid 15308
2024-12-11 08:46:23,325 INFO success: laravel_reverb entered RUNNING state, process has stayed up for > than 1 seconds (startsecs)
2024-12-11 08:46:23,325 WARN exited: laravel_reverb (exit status 1; not expected)
2024-12-11 08:46:24,336 INFO Spawned: 'laravel_reverb' with pid 13764
2024-12-11 08:46:25,342 INFO success: laravel_reverb entered RUNNING state, process has stayed up for > than 1 seconds (startsecs)
2024-12-11 08:46:25,343 WARN exited: laravel_reverb (exit status 1; not expected)
2024-12-11 08:46:26,359 INFO Spawned: 'laravel_reverb' with pid 4224
2024-12-11 08:46:27,375 INFO success: laravel_reverb entered RUNNING state, process has stayed up for > than 1 seconds (startsecs)
2024-12-11 08:46:27,375 WARN exited: laravel_reverb (exit status 1; not expected)
2024-12-11 08:46:28,393 INFO Spawned: 'laravel_reverb' with pid 24384
2024-12-11 08:46:29,408 INFO success: laravel_reverb entered RUNNING state, process has stayed up for > than 1 seconds (startsecs)
2024-12-11 08:46:29,410 WARN exited: laravel_reverb (exit status 1; not expected)
2024-12-11 08:46:30,428 INFO Spawned: 'laravel_reverb' with pid 15848
2024-12-11 08:46:31,433 INFO success: laravel_reverb entered RUNNING state, process has stayed up for > than 1 seconds (startsecs)
2024-12-11 08:46:31,433 WARN exited: laravel_reverb (exit status 1; not expected)
2024-12-11 08:46:32,447 INFO Spawned: 'laravel_reverb' with pid 2560
2024-12-11 08:46:33,463 INFO success: laravel_reverb entered RUNNING state, process has stayed up for > than 1 seconds (startsecs)
2024-12-11 08:46:33,463 WARN exited: laravel_reverb (exit status 1; not expected)
2024-12-11 08:46:34,478 INFO Spawned: 'laravel_reverb' with pid 26092
2024-12-11 08:46:35,483 INFO success: laravel_reverb entered RUNNING state, process has stayed up for > than 1 seconds (startsecs)
2024-12-11 08:46:35,483 WARN exited: laravel_reverb (exit status 1; not expected)
2024-12-11 08:46:36,496 INFO Spawned: 'laravel_reverb' with pid 8624
2024-12-11 08:46:37,503 INFO success: laravel_reverb entered RUNNING state, process has stayed up for > than 1 seconds (startsecs)
2024-12-11 08:46:37,503 WARN exited: laravel_reverb (exit status 1; not expected)
2024-12-11 08:46:38,516 INFO Spawned: 'laravel_reverb' with pid 6728
2024-12-11 08:46:39,521 INFO success: laravel_reverb entered RUNNING state, process has stayed up for > than 1 seconds (startsecs)
2024-12-11 08:46:39,521 WARN exited: laravel_reverb (exit status 1; not expected)
2024-12-11 08:46:40,527 INFO Spawned: 'laravel_reverb' with pid 12056
2024-12-11 08:46:41,534 INFO success: laravel_reverb entered RUNNING state, process has stayed up for > than 1 seconds (startsecs)
2024-12-11 08:46:41,534 WARN exited: laravel_reverb (exit status 1; not expected)
2024-12-11 08:46:42,547 INFO Spawned: 'laravel_reverb' with pid 8484
2024-12-11 08:46:43,553 INFO success: laravel_reverb entered RUNNING state, process has stayed up for > than 1 seconds (startsecs)
2024-12-11 08:46:43,554 WARN exited: laravel_reverb (exit status 1; not expected)
2024-12-11 08:46:44,563 INFO Spawned: 'laravel_reverb' with pid 12384
2024-12-11 08:46:45,569 INFO success: laravel_reverb entered RUNNING state, process has stayed up for > than 1 seconds (startsecs)
2024-12-11 08:46:45,570 WARN exited: laravel_reverb (exit status 1; not expected)
2024-12-11 08:46:46,584 INFO Spawned: 'laravel_reverb' with pid 15860
2024-12-11 08:46:47,588 INFO success: laravel_reverb entered RUNNING state, process has stayed up for > than 1 seconds (startsecs)
2024-12-11 08:46:47,588 WARN exited: laravel_reverb (exit status 1; not expected)
2024-12-11 08:46:48,596 INFO Spawned: 'laravel_reverb' with pid 7040
2024-12-11 08:46:49,604 INFO success: laravel_reverb entered RUNNING state, process has stayed up for > than 1 seconds (startsecs)
2024-12-11 08:46:49,604 WARN exited: laravel_reverb (exit status 1; not expected)
2024-12-11 08:46:50,620 INFO Spawned: 'laravel_reverb' with pid 7636
2024-12-11 08:46:51,634 INFO success: laravel_reverb entered RUNNING state, process has stayed up for > than 1 seconds (startsecs)
2024-12-11 08:46:51,634 WARN exited: laravel_reverb (exit status 1; not expected)
2024-12-11 08:46:52,650 INFO Spawned: 'laravel_reverb' with pid 21112
2024-12-11 08:46:53,657 INFO success: laravel_reverb entered RUNNING state, process has stayed up for > than 1 seconds (startsecs)
2024-12-11 08:46:53,657 WARN exited: laravel_reverb (exit status 1; not expected)
2024-12-11 08:46:54,671 INFO Spawned: 'laravel_reverb' with pid 880
2024-12-11 08:46:55,681 INFO success: laravel_reverb entered RUNNING state, process has stayed up for > than 1 seconds (startsecs)
2024-12-11 08:46:55,681 WARN exited: laravel_reverb (exit status 1; not expected)
2024-12-11 08:46:56,693 INFO Spawned: 'laravel_reverb' with pid 22696
2024-12-11 08:46:57,704 INFO success: laravel_reverb entered RUNNING state, process has stayed up for > than 1 seconds (startsecs)
2024-12-11 08:46:57,704 WARN exited: laravel_reverb (exit status 1; not expected)
2024-12-11 08:46:58,714 INFO Spawned: 'laravel_reverb' with pid 12500
2024-12-11 08:46:59,726 INFO success: laravel_reverb entered RUNNING state, process has stayed up for > than 1 seconds (startsecs)
2024-12-11 08:46:59,727 WARN exited: laravel_reverb (exit status 1; not expected)
2024-12-11 08:47:00,741 INFO Spawned: 'laravel_reverb' with pid 23388
2024-12-11 08:47:01,747 INFO success: laravel_reverb entered RUNNING state, process has stayed up for > than 1 seconds (startsecs)
2024-12-11 08:47:01,747 WARN exited: laravel_reverb (exit status 1; not expected)
2024-12-11 08:47:02,761 INFO Spawned: 'laravel_reverb' with pid 16856
2024-12-11 08:47:03,771 INFO success: laravel_reverb entered RUNNING state, process has stayed up for > than 1 seconds (startsecs)
2024-12-11 08:47:03,771 WARN exited: laravel_reverb (exit status 1; not expected)
2024-12-11 08:47:04,788 INFO Spawned: 'laravel_reverb' with pid 11944
2024-12-11 08:47:05,794 INFO success: laravel_reverb entered RUNNING state, process has stayed up for > than 1 seconds (startsecs)
2024-12-11 08:47:05,794 WARN exited: laravel_reverb (exit status 1; not expected)
2024-12-11 08:47:06,808 INFO Spawned: 'laravel_reverb' with pid 18220
2024-12-11 08:47:07,812 INFO success: laravel_reverb entered RUNNING state, process has stayed up for > than 1 seconds (startsecs)
2024-12-11 08:47:07,812 WARN exited: laravel_reverb (exit status 1; not expected)
2024-12-11 08:47:08,828 INFO Spawned: 'laravel_reverb' with pid 15716
2024-12-11 08:47:09,833 INFO success: laravel_reverb entered RUNNING state, process has stayed up for > than 1 seconds (startsecs)
2024-12-11 08:47:09,834 WARN exited: laravel_reverb (exit status 1; not expected)
2024-12-11 08:47:10,847 INFO Spawned: 'laravel_reverb' with pid 18836
2024-12-11 08:47:11,854 INFO success: laravel_reverb entered RUNNING state, process has stayed up for > than 1 seconds (startsecs)
2024-12-11 08:47:11,854 WARN exited: laravel_reverb (exit status 1; not expected)
2024-12-11 08:47:12,865 INFO Spawned: 'laravel_reverb' with pid 7888
2024-12-11 08:47:13,868 INFO success: laravel_reverb entered RUNNING state, process has stayed up for > than 1 seconds (startsecs)
2024-12-11 08:47:13,868 WARN exited: laravel_reverb (exit status 1; not expected)
2024-12-11 08:47:14,881 INFO Spawned: 'laravel_reverb' with pid 20688
2024-12-11 08:47:15,890 INFO success: laravel_reverb entered RUNNING state, process has stayed up for > than 1 seconds (startsecs)
2024-12-11 08:47:15,903 WARN exited: laravel_reverb (exit status 1; not expected)
2024-12-11 08:47:16,922 INFO Spawned: 'laravel_reverb' with pid 9996
2024-12-11 08:47:17,938 INFO success: laravel_reverb entered RUNNING state, process has stayed up for > than 1 seconds (startsecs)
2024-12-11 08:47:17,938 WARN exited: laravel_reverb (exit status 1; not expected)
2024-12-11 08:47:18,952 INFO Spawned: 'laravel_reverb' with pid 21056
2024-12-11 08:47:19,958 INFO success: laravel_reverb entered RUNNING state, process has stayed up for > than 1 seconds (startsecs)
2024-12-11 08:47:19,958 WARN exited: laravel_reverb (exit status 1; not expected)
2024-12-11 08:47:20,968 INFO Spawned: 'laravel_reverb' with pid 4412
2024-12-11 08:47:21,972 INFO success: laravel_reverb entered RUNNING state, process has stayed up for > than 1 seconds (startsecs)
2024-12-11 08:47:21,973 WARN exited: laravel_reverb (exit status 1; not expected)
2024-12-11 08:47:22,991 INFO Spawned: 'laravel_reverb' with pid 5108
2024-12-11 08:47:23,997 INFO success: laravel_reverb entered RUNNING state, process has stayed up for > than 1 seconds (startsecs)
2024-12-11 08:47:23,997 WARN exited: laravel_reverb (exit status 1; not expected)
2024-12-11 08:47:25,011 INFO Spawned: 'laravel_reverb' with pid 16916
2024-12-11 08:47:26,016 INFO success: laravel_reverb entered RUNNING state, process has stayed up for > than 1 seconds (startsecs)
2024-12-11 08:47:26,016 WARN exited: laravel_reverb (exit status 1; not expected)
2024-12-11 08:47:27,028 INFO Spawned: 'laravel_reverb' with pid 15100
2024-12-11 08:47:28,035 INFO success: laravel_reverb entered RUNNING state, process has stayed up for > than 1 seconds (startsecs)
2024-12-11 08:47:42,376 INFO SUCCESS: The process with PID 15100 (child process of PID 12904) has been terminated.
2024-12-11 08:47:42,376 INFO waiting for laravel_reverb to die
2024-12-11 08:47:42,878 WARN stopped: laravel_reverb (exit status 1)
2024-12-11 08:47:43,388 INFO exit now...
2024-12-11 08:47:44,231 INFO process group added: 'laravel-reverb'
2024-12-11 08:47:44,240 INFO RPC interface 'supervisor' initialized
2024-12-11 08:47:44,240 INFO supervisord started with pid 3440
2024-12-11 08:47:44,760 INFO Spawned: 'laravel_reverb' with pid 25032
2024-12-11 08:47:45,768 INFO success: laravel_reverb entered RUNNING state, process has stayed up for > than 1 seconds (startsecs)
2024-12-11 08:53:07,138 INFO SUCCESS: The process with PID 25032 (child process of PID 3440) has been terminated.
2024-12-11 08:53:07,139 INFO waiting for laravel_reverb to die
2024-12-11 08:53:07,639 WARN stopped: laravel_reverb (exit status 1)
2024-12-11 08:53:08,142 INFO exit now...
2024-12-11 08:53:08,829 INFO process group added: 'laravel-reverb'
2024-12-11 08:53:08,845 INFO RPC interface 'supervisor' initialized
2024-12-11 08:53:08,846 INFO supervisord started with pid 23108
2024-12-11 08:53:09,359 INFO Spawned: 'laravel_reverb' with pid 10728
2024-12-11 08:53:10,363 INFO success: laravel_reverb entered RUNNING state, process has stayed up for > than 1 seconds (startsecs)
2024-12-11 08:53:10,363 WARN exited: laravel_reverb (exit status 1; not expected)
2024-12-11 08:53:11,379 INFO Spawned: 'laravel_reverb' with pid 22120
2024-12-11 08:53:12,389 INFO success: laravel_reverb entered RUNNING state, process has stayed up for > than 1 seconds (startsecs)
2024-12-11 08:53:12,389 WARN exited: laravel_reverb (exit status 1; not expected)
2024-12-11 08:53:13,403 INFO Spawned: 'laravel_reverb' with pid 12040
2024-12-11 08:53:14,407 INFO success: laravel_reverb entered RUNNING state, process has stayed up for > than 1 seconds (startsecs)
2024-12-11 08:53:14,407 WARN exited: laravel_reverb (exit status 1; not expected)
2024-12-11 08:53:15,417 INFO Spawned: 'laravel_reverb' with pid 19800
2024-12-11 08:53:16,423 INFO success: laravel_reverb entered RUNNING state, process has stayed up for > than 1 seconds (startsecs)
2024-12-11 08:53:16,424 WARN exited: laravel_reverb (exit status 1; not expected)
2024-12-11 08:53:17,435 INFO Spawned: 'laravel_reverb' with pid 4052
2024-12-11 08:53:18,452 INFO success: laravel_reverb entered RUNNING state, process has stayed up for > than 1 seconds (startsecs)
2024-12-11 08:53:18,452 WARN exited: laravel_reverb (exit status 1; not expected)
2024-12-11 08:53:19,467 INFO Spawned: 'laravel_reverb' with pid 2404
2024-12-11 08:53:20,469 INFO success: laravel_reverb entered RUNNING state, process has stayed up for > than 1 seconds (startsecs)
2024-12-11 08:53:20,469 WARN exited: laravel_reverb (exit status 1; not expected)
2024-12-11 08:53:21,485 INFO Spawned: 'laravel_reverb' with pid 4432
2024-12-11 08:53:22,488 INFO success: laravel_reverb entered RUNNING state, process has stayed up for > than 1 seconds (startsecs)
2024-12-11 08:53:22,488 WARN exited: laravel_reverb (exit status 1; not expected)
2024-12-11 08:53:23,500 INFO Spawned: 'laravel_reverb' with pid 15200
2024-12-11 08:53:24,510 INFO success: laravel_reverb entered RUNNING state, process has stayed up for > than 1 seconds (startsecs)
2024-12-11 08:53:24,510 WARN exited: laravel_reverb (exit status 1; not expected)
2024-12-11 08:53:25,525 INFO Spawned: 'laravel_reverb' with pid 13328
2024-12-11 08:53:26,529 INFO success: laravel_reverb entered RUNNING state, process has stayed up for > than 1 seconds (startsecs)
2024-12-11 08:53:26,529 WARN exited: laravel_reverb (exit status 1; not expected)
2024-12-11 08:53:27,543 INFO Spawned: 'laravel_reverb' with pid 21836
2024-12-11 08:53:28,546 INFO success: laravel_reverb entered RUNNING state, process has stayed up for > than 1 seconds (startsecs)
2024-12-11 08:53:28,547 WARN exited: laravel_reverb (exit status 1; not expected)
2024-12-11 08:53:29,559 INFO Spawned: 'laravel_reverb' with pid 5080
2024-12-11 08:53:30,566 INFO success: laravel_reverb entered RUNNING state, process has stayed up for > than 1 seconds (startsecs)
2024-12-11 08:53:30,566 WARN exited: laravel_reverb (exit status 1; not expected)
2024-12-11 08:53:31,579 INFO Spawned: 'laravel_reverb' with pid 7040
2024-12-11 08:53:32,585 INFO success: laravel_reverb entered RUNNING state, process has stayed up for > than 1 seconds (startsecs)
2024-12-11 08:53:32,585 WARN exited: laravel_reverb (exit status 1; not expected)
2024-12-11 08:53:33,595 INFO Spawned: 'laravel_reverb' with pid 25916
2024-12-11 08:53:34,601 INFO success: laravel_reverb entered RUNNING state, process has stayed up for > than 1 seconds (startsecs)
2024-12-11 08:53:34,602 WARN exited: laravel_reverb (exit status 1; not expected)
2024-12-11 08:53:35,615 INFO Spawned: 'laravel_reverb' with pid 20884
2024-12-11 08:53:36,619 INFO success: laravel_reverb entered RUNNING state, process has stayed up for > than 1 seconds (startsecs)
2024-12-11 08:53:36,619 WARN exited: laravel_reverb (exit status 1; not expected)
2024-12-11 08:53:37,638 INFO Spawned: 'laravel_reverb' with pid 19128
2024-12-11 08:53:38,644 INFO success: laravel_reverb entered RUNNING state, process has stayed up for > than 1 seconds (startsecs)
2024-12-11 08:53:38,644 WARN exited: laravel_reverb (exit status 1; not expected)
2024-12-11 08:53:39,658 INFO Spawned: 'laravel_reverb' with pid 13832
2024-12-11 08:53:40,672 INFO success: laravel_reverb entered RUNNING state, process has stayed up for > than 1 seconds (startsecs)
2024-12-11 08:53:40,673 WARN exited: laravel_reverb (exit status 1; not expected)
2024-12-11 08:53:41,686 INFO Spawned: 'laravel_reverb' with pid 16392
2024-12-11 08:53:42,689 INFO success: laravel_reverb entered RUNNING state, process has stayed up for > than 1 seconds (startsecs)
2024-12-11 08:53:42,690 WARN exited: laravel_reverb (exit status 1; not expected)
2024-12-11 08:53:43,703 INFO Spawned: 'laravel_reverb' with pid 11804
2024-12-11 08:53:44,713 INFO success: laravel_reverb entered RUNNING state, process has stayed up for > than 1 seconds (startsecs)
2024-12-11 08:53:44,714 WARN exited: laravel_reverb (exit status 1; not expected)
2024-12-11 08:53:45,726 INFO Spawned: 'laravel_reverb' with pid 23160
2024-12-11 08:53:46,730 INFO success: laravel_reverb entered RUNNING state, process has stayed up for > than 1 seconds (startsecs)
2024-12-11 08:53:46,730 WARN exited: laravel_reverb (exit status 1; not expected)
2024-12-11 08:53:47,740 INFO Spawned: 'laravel_reverb' with pid 24116
2024-12-11 08:53:48,746 INFO success: laravel_reverb entered RUNNING state, process has stayed up for > than 1 seconds (startsecs)
2024-12-11 08:53:48,747 WARN exited: laravel_reverb (exit status 1; not expected)
2024-12-11 08:53:49,763 INFO Spawned: 'laravel_reverb' with pid 8976
2024-12-11 08:53:50,768 INFO success: laravel_reverb entered RUNNING state, process has stayed up for > than 1 seconds (startsecs)
2024-12-11 08:53:50,769 WARN exited: laravel_reverb (exit status 1; not expected)
2024-12-11 08:53:51,781 INFO Spawned: 'laravel_reverb' with pid 16796
2024-12-11 08:53:52,791 INFO success: laravel_reverb entered RUNNING state, process has stayed up for > than 1 seconds (startsecs)
2024-12-11 08:53:52,791 WARN exited: laravel_reverb (exit status 1; not expected)
2024-12-11 08:53:53,804 INFO Spawned: 'laravel_reverb' with pid 11560
2024-12-11 08:53:54,811 INFO success: laravel_reverb entered RUNNING state, process has stayed up for > than 1 seconds (startsecs)
2024-12-11 08:53:54,811 WARN exited: laravel_reverb (exit status 1; not expected)
2024-12-11 08:53:55,825 INFO Spawned: 'laravel_reverb' with pid 12772
2024-12-11 08:53:56,831 INFO success: laravel_reverb entered RUNNING state, process has stayed up for > than 1 seconds (startsecs)
2024-12-11 08:53:56,831 WARN exited: laravel_reverb (exit status 1; not expected)
2024-12-11 08:53:57,845 INFO Spawned: 'laravel_reverb' with pid 11356
2024-12-11 08:53:58,856 INFO success: laravel_reverb entered RUNNING state, process has stayed up for > than 1 seconds (startsecs)
2024-12-11 08:53:58,856 WARN exited: laravel_reverb (exit status 1; not expected)
2024-12-11 08:53:59,872 INFO Spawned: 'laravel_reverb' with pid 12560
2024-12-11 08:54:00,877 INFO success: laravel_reverb entered RUNNING state, process has stayed up for > than 1 seconds (startsecs)
2024-12-11 08:54:00,877 WARN exited: laravel_reverb (exit status 1; not expected)
2024-12-11 08:54:01,892 INFO Spawned: 'laravel_reverb' with pid 23500
2024-12-11 08:54:02,897 INFO success: laravel_reverb entered RUNNING state, process has stayed up for > than 1 seconds (startsecs)
2024-12-11 08:54:02,897 WARN exited: laravel_reverb (exit status 1; not expected)
2024-12-11 08:54:03,911 INFO Spawned: 'laravel_reverb' with pid 17044
2024-12-11 08:54:04,919 INFO success: laravel_reverb entered RUNNING state, process has stayed up for > than 1 seconds (startsecs)
2024-12-11 08:54:04,920 WARN exited: laravel_reverb (exit status 1; not expected)
2024-12-11 08:54:05,931 INFO Spawned: 'laravel_reverb' with pid 5112
2024-12-11 08:54:06,938 INFO success: laravel_reverb entered RUNNING state, process has stayed up for > than 1 seconds (startsecs)
2024-12-11 08:54:06,939 WARN exited: laravel_reverb (exit status 1; not expected)
2024-12-11 08:54:07,954 INFO Spawned: 'laravel_reverb' with pid 14560
2024-12-11 08:54:08,958 INFO success: laravel_reverb entered RUNNING state, process has stayed up for > than 1 seconds (startsecs)
2024-12-11 08:54:08,959 WARN exited: laravel_reverb (exit status 1; not expected)
2024-12-11 08:54:09,972 INFO Spawned: 'laravel_reverb' with pid 23284
2024-12-11 08:54:10,981 INFO success: laravel_reverb entered RUNNING state, process has stayed up for > than 1 seconds (startsecs)
2024-12-11 08:54:10,982 WARN exited: laravel_reverb (exit status 1; not expected)
2024-12-11 08:54:11,992 INFO Spawned: 'laravel_reverb' with pid 18252
2024-12-11 08:54:13,006 INFO success: laravel_reverb entered RUNNING state, process has stayed up for > than 1 seconds (startsecs)
2024-12-11 08:54:13,006 WARN exited: laravel_reverb (exit status 1; not expected)
2024-12-11 08:54:14,020 INFO Spawned: 'laravel_reverb' with pid 16160
2024-12-11 08:54:15,024 INFO success: laravel_reverb entered RUNNING state, process has stayed up for > than 1 seconds (startsecs)
2024-12-11 08:54:15,024 WARN exited: laravel_reverb (exit status 1; not expected)
2024-12-11 08:54:16,032 INFO Spawned: 'laravel_reverb' with pid 6404
2024-12-11 08:54:17,039 INFO success: laravel_reverb entered RUNNING state, process has stayed up for > than 1 seconds (startsecs)
2024-12-11 08:54:17,040 WARN exited: laravel_reverb (exit status 1; not expected)
2024-12-11 08:54:18,049 INFO Spawned: 'laravel_reverb' with pid 21776
2024-12-11 08:54:19,058 INFO success: laravel_reverb entered RUNNING state, process has stayed up for > than 1 seconds (startsecs)
2024-12-11 08:54:19,058 WARN exited: laravel_reverb (exit status 1; not expected)
2024-12-11 08:54:20,070 INFO Spawned: 'laravel_reverb' with pid 16288
2024-12-11 08:54:21,072 INFO success: laravel_reverb entered RUNNING state, process has stayed up for > than 1 seconds (startsecs)
2024-12-11 08:54:21,073 WARN exited: laravel_reverb (exit status 1; not expected)
2024-12-11 08:54:22,089 INFO Spawned: 'laravel_reverb' with pid 24008
2024-12-11 08:54:23,098 INFO success: laravel_reverb entered RUNNING state, process has stayed up for > than 1 seconds (startsecs)
2024-12-11 08:54:23,099 WARN exited: laravel_reverb (exit status 1; not expected)
2024-12-11 08:54:24,113 INFO Spawned: 'laravel_reverb' with pid 25004
2024-12-11 08:54:25,118 INFO success: laravel_reverb entered RUNNING state, process has stayed up for > than 1 seconds (startsecs)
2024-12-11 08:54:25,118 WARN exited: laravel_reverb (exit status 1; not expected)
2024-12-11 08:54:26,135 INFO Spawned: 'laravel_reverb' with pid 6392
2024-12-11 08:54:27,140 INFO success: laravel_reverb entered RUNNING state, process has stayed up for > than 1 seconds (startsecs)
2024-12-11 08:54:27,140 WARN exited: laravel_reverb (exit status 1; not expected)
2024-12-11 08:54:28,153 INFO Spawned: 'laravel_reverb' with pid 7724
2024-12-11 08:54:29,161 INFO success: laravel_reverb entered RUNNING state, process has stayed up for > than 1 seconds (startsecs)
2024-12-11 08:54:29,161 WARN exited: laravel_reverb (exit status 1; not expected)
2024-12-11 08:54:30,177 INFO Spawned: 'laravel_reverb' with pid 21688
2024-12-11 08:54:31,184 INFO success: laravel_reverb entered RUNNING state, process has stayed up for > than 1 seconds (startsecs)
2024-12-11 08:54:31,185 WARN exited: laravel_reverb (exit status 1; not expected)
2024-12-11 08:54:32,199 INFO Spawned: 'laravel_reverb' with pid 2152
2024-12-11 08:54:33,208 INFO success: laravel_reverb entered RUNNING state, process has stayed up for > than 1 seconds (startsecs)
2024-12-11 08:54:33,209 WARN exited: laravel_reverb (exit status 1; not expected)
2024-12-11 08:54:34,222 INFO Spawned: 'laravel_reverb' with pid 8768
2024-12-11 08:54:35,226 INFO success: laravel_reverb entered RUNNING state, process has stayed up for > than 1 seconds (startsecs)
2024-12-11 08:54:35,226 WARN exited: laravel_reverb (exit status 1; not expected)
2024-12-11 08:54:36,240 INFO Spawned: 'laravel_reverb' with pid 23212
2024-12-11 08:54:37,251 INFO success: laravel_reverb entered RUNNING state, process has stayed up for > than 1 seconds (startsecs)
2024-12-11 08:54:37,251 WARN exited: laravel_reverb (exit status 1; not expected)
2024-12-11 08:54:38,267 INFO Spawned: 'laravel_reverb' with pid 14156
2024-12-11 08:54:39,273 INFO success: laravel_reverb entered RUNNING state, process has stayed up for > than 1 seconds (startsecs)
2024-12-11 08:54:39,273 WARN exited: laravel_reverb (exit status 1; not expected)
2024-12-11 08:54:40,295 INFO Spawned: 'laravel_reverb' with pid 14828
2024-12-11 08:54:41,307 INFO success: laravel_reverb entered RUNNING state, process has stayed up for > than 1 seconds (startsecs)
2024-12-11 08:54:41,308 WARN exited: laravel_reverb (exit status 1; not expected)
2024-12-11 08:54:42,318 INFO Spawned: 'laravel_reverb' with pid 23680
2024-12-11 08:54:43,323 INFO success: laravel_reverb entered RUNNING state, process has stayed up for > than 1 seconds (startsecs)
2024-12-11 08:54:43,324 WARN exited: laravel_reverb (exit status 1; not expected)
2024-12-11 08:54:44,338 INFO Spawned: 'laravel_reverb' with pid 21112
2024-12-11 08:54:45,345 INFO success: laravel_reverb entered RUNNING state, process has stayed up for > than 1 seconds (startsecs)
2024-12-11 08:54:45,345 WARN exited: laravel_reverb (exit status 1; not expected)
2024-12-11 08:54:46,358 INFO Spawned: 'laravel_reverb' with pid 10744
2024-12-11 08:54:47,369 INFO success: laravel_reverb entered RUNNING state, process has stayed up for > than 1 seconds (startsecs)
2024-12-11 08:54:56,626 INFO SUCCESS: The process with PID 10744 (child process of PID 23108) has been terminated.
2024-12-11 08:54:56,626 INFO waiting for laravel_reverb to die
2024-12-11 08:54:57,126 WARN stopped: laravel_reverb (exit status 1)
2024-12-11 08:54:57,627 INFO exit now...
2024-12-11 08:54:58,360 INFO process group added: 'laravel-reverb'
2024-12-11 08:54:58,375 INFO RPC interface 'supervisor' initialized
2024-12-11 08:54:58,376 INFO supervisord started with pid 19564
2024-12-11 08:54:58,886 INFO Spawned: 'laravel_reverb' with pid 21132
2024-12-11 08:54:59,900 INFO success: laravel_reverb entered RUNNING state, process has stayed up for > than 1 seconds (startsecs)
